{"/home/sarahnd/LS/TestLab/proto-testLab/src/app.js": {"path":"/home/sarahnd/LS/TestLab/proto-testLab/src/app.js","statementMap":{"0":{"start":{"line":6,"column":12},"end":{"line":6,"column":21}},"1":{"start":{"line":8,"column":0},"end":{"line":8,"column":16}},"2":{"start":{"line":9,"column":0},"end":{"line":9,"column":33}},"3":{"start":{"line":10,"column":0},"end":{"line":10,"column":24}},"4":{"start":{"line":11,"column":0},"end":{"line":11,"column":34}},"5":{"start":{"line":13,"column":0},"end":{"line":13,"column":21}},"6":{"start":{"line":15,"column":0},"end":{"line":15,"column":36}},"7":{"start":{"line":16,"column":0},"end":{"line":16,"column":33}}},"fnMap":{},"branchMap":{},"s":{"0":1,"1":1,"2":1,"3":1,"4":1,"5":1,"6":1,"7":1},"f":{},"b":{},"_coverageSchema":"1a1c01bbd47fc00a2c39e90264f33305004495a9","hash":"4100f8c8ca5984a9cb6b299c711020a13963c96e"}
,"/home/sarahnd/LS/TestLab/proto-testLab/src/controllers/eventsController.js": {"path":"/home/sarahnd/LS/TestLab/proto-testLab/src/controllers/eventsController.js","statementMap":{"0":{"start":{"line":5,"column":17},"end":{"line":5,"column":62}},"1":{"start":{"line":14,"column":0},"end":{"line":17,"column":3}},"2":{"start":{"line":15,"column":2},"end":{"line":15,"column":56}},"3":{"start":{"line":16,"column":2},"end":{"line":16,"column":19}},"4":{"start":{"line":20,"column":17},"end":{"line":20,"column":41}},"5":{"start":{"line":21,"column":2},"end":{"line":32,"column":3}},"6":{"start":{"line":22,"column":21},"end":{"line":22,"column":63}},"7":{"start":{"line":23,"column":20},"end":{"line":23,"column":33}},"8":{"start":{"line":25,"column":4},"end":{"line":25,"column":57}},"9":{"start":{"line":26,"column":4},"end":{"line":26,"column":36}},"10":{"start":{"line":28,"column":4},"end":{"line":28,"column":65}},"11":{"start":{"line":29,"column":4},"end":{"line":29,"column":29}},"12":{"start":{"line":31,"column":4},"end":{"line":31,"column":21}},"13":{"start":{"line":36,"column":17},"end":{"line":36,"column":41}},"14":{"start":{"line":37,"column":13},"end":{"line":37,"column":26}},"15":{"start":{"line":38,"column":2},"end":{"line":52,"column":3}},"16":{"start":{"line":39,"column":21},"end":{"line":42,"column":5}},"17":{"start":{"line":43,"column":20},"end":{"line":43,"column":33}},"18":{"start":{"line":45,"column":4},"end":{"line":45,"column":57}},"19":{"start":{"line":46,"column":4},"end":{"line":46,"column":36}},"20":{"start":{"line":48,"column":4},"end":{"line":48,"column":65}},"21":{"start":{"line":49,"column":4},"end":{"line":49,"column":29}},"22":{"start":{"line":51,"column":4},"end":{"line":51,"column":21}},"23":{"start":{"line":56,"column":17},"end":{"line":56,"column":41}},"24":{"start":{"line":57,"column":13},"end":{"line":57,"column":26}},"25":{"start":{"line":69,"column":2},"end":{"line":110,"column":3}},"26":{"start":{"line":70,"column":19},"end":{"line":73,"column":5}},"27":{"start":{"line":75,"column":21},"end":{"line":77,"column":6}},"28":{"start":{"line":76,"column":6},"end":{"line":76,"column":34}},"29":{"start":{"line":79,"column":21},"end":{"line":79,"column":23}},"30":{"start":{"line":80,"column":4},"end":{"line":102,"column":5}},"31":{"start":{"line":80,"column":15},"end":{"line":80,"column":16}},"32":{"start":{"line":81,"column":20},"end":{"line":81,"column":33}},"33":{"start":{"line":82,"column":23},"end":{"line":82,"column":33}},"34":{"start":{"line":83,"column":6},"end":{"line":85,"column":7}},"35":{"start":{"line":86,"column":24},"end":{"line":86,"column":60}},"36":{"start":{"line":87,"column":6},"end":{"line":89,"column":7}},"37":{"start":{"line":90,"column":39},"end":{"line":90,"column":90}},"38":{"start":{"line":91,"column":6},"end":{"line":93,"column":7}},"39":{"start":{"line":95,"column":24},"end":{"line":95,"column":60}},"40":{"start":{"line":96,"column":6},"end":{"line":101,"column":8}},"41":{"start":{"line":104,"column":4},"end":{"line":104,"column":37}},"42":{"start":{"line":106,"column":4},"end":{"line":106,"column":65}},"43":{"start":{"line":107,"column":4},"end":{"line":107,"column":29}},"44":{"start":{"line":109,"column":4},"end":{"line":109,"column":21}},"45":{"start":{"line":115,"column":34},"end":{"line":115,"column":42}},"46":{"start":{"line":117,"column":2},"end":{"line":117,"column":36}},"47":{"start":{"line":119,"column":17},"end":{"line":119,"column":41}},"48":{"start":{"line":120,"column":2},"end":{"line":131,"column":3}},"49":{"start":{"line":121,"column":21},"end":{"line":124,"column":5}},"50":{"start":{"line":125,"column":4},"end":{"line":125,"column":53}},"51":{"start":{"line":127,"column":4},"end":{"line":127,"column":68}},"52":{"start":{"line":128,"column":4},"end":{"line":128,"column":29}},"53":{"start":{"line":130,"column":4},"end":{"line":130,"column":21}}},"fnMap":{"0":{"name":"(anonymous_0)","decl":{"start":{"line":14,"column":21},"end":{"line":14,"column":22}},"loc":{"start":{"line":14,"column":38},"end":{"line":17,"column":1}},"line":14},"1":{"name":"getEvents","decl":{"start":{"line":19,"column":15},"end":{"line":19,"column":24}},"loc":{"start":{"line":19,"column":35},"end":{"line":33,"column":1}},"line":19},"2":{"name":"getEventsForExperiment","decl":{"start":{"line":35,"column":15},"end":{"line":35,"column":37}},"loc":{"start":{"line":35,"column":48},"end":{"line":53,"column":1}},"line":35},"3":{"name":"getEventData","decl":{"start":{"line":55,"column":15},"end":{"line":55,"column":27}},"loc":{"start":{"line":55,"column":38},"end":{"line":111,"column":1}},"line":55},"4":{"name":"(anonymous_4)","decl":{"start":{"line":75,"column":39},"end":{"line":75,"column":40}},"loc":{"start":{"line":75,"column":50},"end":{"line":77,"column":5}},"line":75},"5":{"name":"createEvent","decl":{"start":{"line":114,"column":15},"end":{"line":114,"column":26}},"loc":{"start":{"line":114,"column":37},"end":{"line":132,"column":1}},"line":114}},"branchMap":{},"s":{"0":1,"1":1,"2":0,"3":0,"4":0,"5":0,"6":0,"7":0,"8":0,"9":0,"10":0,"11":0,"12":0,"13":0,"14":0,"15":0,"16":0,"17":0,"18":0,"19":0,"20":0,"21":0,"22":0,"23":0,"24":0,"25":0,"26":0,"27":0,"28":0,"29":0,"30":0,"31":0,"32":0,"33":0,"34":0,"35":0,"36":0,"37":0,"38":0,"39":0,"40":0,"41":0,"42":0,"43":0,"44":0,"45":0,"46":0,"47":0,"48":0,"49":0,"50":0,"51":0,"52":0,"53":0},"f":{"0":0,"1":0,"2":0,"3":0,"4":0,"5":0},"b":{},"_coverageSchema":"1a1c01bbd47fc00a2c39e90264f33305004495a9","hash":"9ca5dbedaec7518233aed3c9db802bed0182b350"}
,"/home/sarahnd/LS/TestLab/proto-testLab/src/controllers/experimentsController.js": {"path":"/home/sarahnd/LS/TestLab/proto-testLab/src/controllers/experimentsController.js","statementMap":{"0":{"start":{"line":5,"column":17},"end":{"line":5,"column":62}},"1":{"start":{"line":6,"column":0},"end":{"line":9,"column":3}},"2":{"start":{"line":7,"column":2},"end":{"line":7,"column":56}},"3":{"start":{"line":8,"column":2},"end":{"line":8,"column":19}},"4":{"start":{"line":12,"column":17},"end":{"line":12,"column":41}},"5":{"start":{"line":13,"column":2},"end":{"line":37,"column":3}},"6":{"start":{"line":14,"column":21},"end":{"line":16,"column":5}},"7":{"start":{"line":17,"column":25},"end":{"line":19,"column":6}},"8":{"start":{"line":18,"column":6},"end":{"line":18,"column":33}},"9":{"start":{"line":21,"column":4},"end":{"line":28,"column":5}},"10":{"start":{"line":21,"column":17},"end":{"line":21,"column":18}},"11":{"start":{"line":22,"column":21},"end":{"line":22,"column":60}},"12":{"start":{"line":23,"column":6},"end":{"line":23,"column":72}},"13":{"start":{"line":23,"column":30},"end":{"line":23,"column":72}},"14":{"start":{"line":25,"column":6},"end":{"line":27,"column":9}},"15":{"start":{"line":26,"column":8},"end":{"line":26,"column":36}},"16":{"start":{"line":31,"column":4},"end":{"line":31,"column":41}},"17":{"start":{"line":33,"column":4},"end":{"line":33,"column":69}},"18":{"start":{"line":34,"column":4},"end":{"line":34,"column":29}},"19":{"start":{"line":36,"column":4},"end":{"line":36,"column":21}},"20":{"start":{"line":41,"column":13},"end":{"line":41,"column":26}},"21":{"start":{"line":42,"column":17},"end":{"line":42,"column":41}},"22":{"start":{"line":43,"column":2},"end":{"line":59,"column":3}},"23":{"start":{"line":44,"column":21},"end":{"line":46,"column":5}},"24":{"start":{"line":47,"column":24},"end":{"line":47,"column":56}},"25":{"start":{"line":48,"column":19},"end":{"line":48,"column":40}},"26":{"start":{"line":49,"column":4},"end":{"line":49,"column":70}},"27":{"start":{"line":49,"column":28},"end":{"line":49,"column":70}},"28":{"start":{"line":50,"column":4},"end":{"line":52,"column":7}},"29":{"start":{"line":51,"column":6},"end":{"line":51,"column":34}},"30":{"start":{"line":53,"column":4},"end":{"line":53,"column":40}},"31":{"start":{"line":55,"column":4},"end":{"line":55,"column":69}},"32":{"start":{"line":56,"column":4},"end":{"line":56,"column":29}},"33":{"start":{"line":58,"column":4},"end":{"line":58,"column":21}},"34":{"start":{"line":63,"column":17},"end":{"line":63,"column":41}},"35":{"start":{"line":64,"column":2},"end":{"line":77,"column":3}},"36":{"start":{"line":65,"column":21},"end":{"line":67,"column":5}},"37":{"start":{"line":68,"column":22},"end":{"line":68,"column":35}},"38":{"start":{"line":70,"column":4},"end":{"line":70,"column":22}},"39":{"start":{"line":73,"column":4},"end":{"line":73,"column":29}},"40":{"start":{"line":74,"column":4},"end":{"line":74,"column":18}},"41":{"start":{"line":76,"column":4},"end":{"line":76,"column":21}},"42":{"start":{"line":81,"column":13},"end":{"line":81,"column":26}},"43":{"start":{"line":82,"column":17},"end":{"line":82,"column":41}},"44":{"start":{"line":83,"column":2},"end":{"line":98,"column":3}},"45":{"start":{"line":84,"column":21},"end":{"line":86,"column":5}},"46":{"start":{"line":87,"column":21},"end":{"line":87,"column":34}},"47":{"start":{"line":88,"column":4},"end":{"line":90,"column":7}},"48":{"start":{"line":89,"column":6},"end":{"line":89,"column":34}},"49":{"start":{"line":91,"column":4},"end":{"line":91,"column":37}},"50":{"start":{"line":94,"column":4},"end":{"line":94,"column":29}},"51":{"start":{"line":95,"column":4},"end":{"line":95,"column":18}},"52":{"start":{"line":97,"column":4},"end":{"line":97,"column":21}},"53":{"start":{"line":102,"column":77},"end":{"line":102,"column":85}},"54":{"start":{"line":103,"column":2},"end":{"line":103,"column":51}},"55":{"start":{"line":103,"column":32},"end":{"line":103,"column":51}},"56":{"start":{"line":104,"column":2},"end":{"line":104,"column":57}},"57":{"start":{"line":104,"column":37},"end":{"line":104,"column":57}},"58":{"start":{"line":106,"column":17},"end":{"line":106,"column":41}},"59":{"start":{"line":107,"column":2},"end":{"line":127,"column":3}},"60":{"start":{"line":108,"column":21},"end":{"line":111,"column":5}},"61":{"start":{"line":113,"column":18},"end":{"line":116,"column":5}},"62":{"start":{"line":118,"column":4},"end":{"line":118,"column":30}},"63":{"start":{"line":119,"column":24},"end":{"line":119,"column":47}},"64":{"start":{"line":121,"column":4},"end":{"line":121,"column":40}},"65":{"start":{"line":123,"column":4},"end":{"line":123,"column":73}},"66":{"start":{"line":124,"column":4},"end":{"line":124,"column":29}},"67":{"start":{"line":126,"column":4},"end":{"line":126,"column":21}},"68":{"start":{"line":131,"column":13},"end":{"line":131,"column":26}},"69":{"start":{"line":133,"column":17},"end":{"line":133,"column":41}},"70":{"start":{"line":134,"column":2},"end":{"line":145,"column":3}},"71":{"start":{"line":135,"column":21},"end":{"line":138,"column":5}},"72":{"start":{"line":139,"column":4},"end":{"line":139,"column":74}},"73":{"start":{"line":141,"column":4},"end":{"line":141,"column":73}},"74":{"start":{"line":142,"column":4},"end":{"line":142,"column":29}},"75":{"start":{"line":144,"column":4},"end":{"line":144,"column":21}},"76":{"start":{"line":151,"column":11},"end":{"line":151,"column":24}},"77":{"start":{"line":152,"column":17},"end":{"line":152,"column":41}},"78":{"start":{"line":153,"column":2},"end":{"line":177,"column":3}},"79":{"start":{"line":154,"column":22},"end":{"line":154,"column":39}},"80":{"start":{"line":157,"column":4},"end":{"line":161,"column":5}},"81":{"start":{"line":157,"column":17},"end":{"line":157,"column":18}},"82":{"start":{"line":158,"column":20},"end":{"line":158,"column":34}},"83":{"start":{"line":159,"column":6},"end":{"line":159,"column":86}},"84":{"start":{"line":159,"column":39},"end":{"line":159,"column":86}},"85":{"start":{"line":160,"column":6},"end":{"line":160,"column":35}},"86":{"start":{"line":162,"column":21},"end":{"line":164,"column":5}},"87":{"start":{"line":166,"column":22},"end":{"line":166,"column":35}},"88":{"start":{"line":167,"column":20},"end":{"line":167,"column":71}},"89":{"start":{"line":167,"column":49},"end":{"line":167,"column":67}},"90":{"start":{"line":169,"column":4},"end":{"line":169,"column":77}},"91":{"start":{"line":169,"column":25},"end":{"line":169,"column":77}},"92":{"start":{"line":170,"column":4},"end":{"line":170,"column":69}},"93":{"start":{"line":172,"column":4},"end":{"line":172,"column":77}},"94":{"start":{"line":173,"column":4},"end":{"line":173,"column":71}},"95":{"start":{"line":174,"column":4},"end":{"line":174,"column":29}},"96":{"start":{"line":176,"column":4},"end":{"line":176,"column":21}},"97":{"start":{"line":181,"column":2},"end":{"line":181,"column":48}},"98":{"start":{"line":181,"column":32},"end":{"line":181,"column":48}},"99":{"start":{"line":182,"column":2},"end":{"line":182,"column":58}},"100":{"start":{"line":182,"column":36},"end":{"line":182,"column":58}},"101":{"start":{"line":183,"column":17},"end":{"line":183,"column":41}},"102":{"start":{"line":184,"column":2},"end":{"line":194,"column":3}},"103":{"start":{"line":185,"column":21},"end":{"line":187,"column":5}},"104":{"start":{"line":189,"column":4},"end":{"line":189,"column":11}},"105":{"start":{"line":191,"column":4},"end":{"line":191,"column":45}},"106":{"start":{"line":193,"column":4},"end":{"line":193,"column":21}}},"fnMap":{"0":{"name":"(anonymous_0)","decl":{"start":{"line":6,"column":21},"end":{"line":6,"column":22}},"loc":{"start":{"line":6,"column":38},"end":{"line":9,"column":1}},"line":6},"1":{"name":"getExperiments","decl":{"start":{"line":11,"column":15},"end":{"line":11,"column":29}},"loc":{"start":{"line":11,"column":40},"end":{"line":38,"column":1}},"line":11},"2":{"name":"(anonymous_2)","decl":{"start":{"line":17,"column":43},"end":{"line":17,"column":44}},"loc":{"start":{"line":17,"column":50},"end":{"line":19,"column":5}},"line":17},"3":{"name":"(anonymous_3)","decl":{"start":{"line":25,"column":51},"end":{"line":25,"column":52}},"loc":{"start":{"line":25,"column":62},"end":{"line":27,"column":7}},"line":25},"4":{"name":"getExperimentByID","decl":{"start":{"line":40,"column":15},"end":{"line":40,"column":32}},"loc":{"start":{"line":40,"column":43},"end":{"line":60,"column":1}},"line":40},"5":{"name":"(anonymous_5)","decl":{"start":{"line":50,"column":45},"end":{"line":50,"column":46}},"loc":{"start":{"line":50,"column":56},"end":{"line":52,"column":5}},"line":50},"6":{"name":"getVariants","decl":{"start":{"line":62,"column":15},"end":{"line":62,"column":26}},"loc":{"start":{"line":62,"column":42},"end":{"line":78,"column":1}},"line":62},"7":{"name":"getVariantsByExpID","decl":{"start":{"line":80,"column":15},"end":{"line":80,"column":33}},"loc":{"start":{"line":80,"column":44},"end":{"line":99,"column":1}},"line":80},"8":{"name":"(anonymous_8)","decl":{"start":{"line":88,"column":32},"end":{"line":88,"column":33}},"loc":{"start":{"line":88,"column":43},"end":{"line":90,"column":5}},"line":88},"9":{"name":"createExperiment","decl":{"start":{"line":101,"column":15},"end":{"line":101,"column":31}},"loc":{"start":{"line":101,"column":42},"end":{"line":128,"column":1}},"line":101},"10":{"name":"deleteExperiment","decl":{"start":{"line":130,"column":15},"end":{"line":130,"column":31}},"loc":{"start":{"line":130,"column":42},"end":{"line":146,"column":1}},"line":130},"11":{"name":"updateExperiment","decl":{"start":{"line":148,"column":15},"end":{"line":148,"column":31}},"loc":{"start":{"line":148,"column":42},"end":{"line":148,"column":44}},"line":148},"12":{"name":"createVariants","decl":{"start":{"line":150,"column":15},"end":{"line":150,"column":29}},"loc":{"start":{"line":150,"column":40},"end":{"line":178,"column":1}},"line":150},"13":{"name":"(anonymous_13)","decl":{"start":{"line":167,"column":40},"end":{"line":167,"column":41}},"loc":{"start":{"line":167,"column":49},"end":{"line":167,"column":67}},"line":167},"14":{"name":"createVariant","decl":{"start":{"line":180,"column":15},"end":{"line":180,"column":28}},"loc":{"start":{"line":180,"column":34},"end":{"line":195,"column":1}},"line":180},"15":{"name":"updateVariants","decl":{"start":{"line":197,"column":9},"end":{"line":197,"column":23}},"loc":{"start":{"line":197,"column":26},"end":{"line":197,"column":28}},"line":197}},"branchMap":{"0":{"loc":{"start":{"line":23,"column":6},"end":{"line":23,"column":72}},"type":"if","locations":[{"start":{"line":23,"column":6},"end":{"line":23,"column":72}},{"start":{},"end":{}}],"line":23},"1":{"loc":{"start":{"line":49,"column":4},"end":{"line":49,"column":70}},"type":"if","locations":[{"start":{"line":49,"column":4},"end":{"line":49,"column":70}},{"start":{},"end":{}}],"line":49},"2":{"loc":{"start":{"line":103,"column":2},"end":{"line":103,"column":51}},"type":"if","locations":[{"start":{"line":103,"column":2},"end":{"line":103,"column":51}},{"start":{},"end":{}}],"line":103},"3":{"loc":{"start":{"line":104,"column":2},"end":{"line":104,"column":57}},"type":"if","locations":[{"start":{"line":104,"column":2},"end":{"line":104,"column":57}},{"start":{},"end":{}}],"line":104},"4":{"loc":{"start":{"line":159,"column":6},"end":{"line":159,"column":86}},"type":"if","locations":[{"start":{"line":159,"column":6},"end":{"line":159,"column":86}},{"start":{},"end":{}}],"line":159},"5":{"loc":{"start":{"line":169,"column":4},"end":{"line":169,"column":77}},"type":"if","locations":[{"start":{"line":169,"column":4},"end":{"line":169,"column":77}},{"start":{},"end":{}}],"line":169},"6":{"loc":{"start":{"line":181,"column":2},"end":{"line":181,"column":48}},"type":"if","locations":[{"start":{"line":181,"column":2},"end":{"line":181,"column":48}},{"start":{},"end":{}}],"line":181},"7":{"loc":{"start":{"line":182,"column":2},"end":{"line":182,"column":58}},"type":"if","locations":[{"start":{"line":182,"column":2},"end":{"line":182,"column":58}},{"start":{},"end":{}}],"line":182}},"s":{"0":1,"1":1,"2":0,"3":0,"4":2,"5":2,"6":2,"7":2,"8":6,"9":2,"10":2,"11":6,"12":6,"13":0,"14":6,"15":8,"16":2,"17":0,"18":0,"19":2,"20":1,"21":1,"22":1,"23":1,"24":1,"25":1,"26":1,"27":0,"28":1,"29":0,"30":1,"31":0,"32":0,"33":1,"34":7,"35":7,"36":7,"37":7,"38":7,"39":0,"40":0,"41":7,"42":2,"43":2,"44":2,"45":2,"46":2,"47":2,"48":4,"49":2,"50":0,"51":0,"52":2,"53":33,"54":33,"55":15,"56":33,"57":15,"58":33,"59":33,"60":33,"61":32,"62":32,"63":32,"64":32,"65":1,"66":1,"67":33,"68":32,"69":32,"70":32,"71":32,"72":32,"73":0,"74":0,"75":32,"76":20,"77":20,"78":20,"79":20,"80":20,"81":20,"82":39,"83":39,"84":1,"85":38,"86":19,"87":19,"88":19,"89":38,"90":19,"91":1,"92":18,"93":2,"94":2,"95":2,"96":20,"97":38,"98":0,"99":38,"100":0,"101":38,"102":38,"103":38,"104":38,"105":0,"106":38},"f":{"0":0,"1":2,"2":6,"3":8,"4":1,"5":0,"6":7,"7":2,"8":4,"9":33,"10":32,"11":0,"12":20,"13":38,"14":38,"15":0},"b":{"0":[0,6],"1":[0,1],"2":[15,18],"3":[15,18],"4":[1,38],"5":[1,18],"6":[0,38],"7":[0,38]},"_coverageSchema":"1a1c01bbd47fc00a2c39e90264f33305004495a9","hash":"a07c632ef91c9f48686843187a5bf365f387d783"}
,"/home/sarahnd/LS/TestLab/proto-testLab/src/controllers/usersController.js": {"path":"/home/sarahnd/LS/TestLab/proto-testLab/src/controllers/usersController.js","statementMap":{"0":{"start":{"line":4,"column":17},"end":{"line":4,"column":62}},"1":{"start":{"line":13,"column":0},"end":{"line":16,"column":3}},"2":{"start":{"line":14,"column":2},"end":{"line":14,"column":56}},"3":{"start":{"line":15,"column":2},"end":{"line":15,"column":19}},"4":{"start":{"line":19,"column":17},"end":{"line":19,"column":41}},"5":{"start":{"line":20,"column":2},"end":{"line":31,"column":3}},"6":{"start":{"line":21,"column":21},"end":{"line":21,"column":62}},"7":{"start":{"line":22,"column":19},"end":{"line":22,"column":32}},"8":{"start":{"line":25,"column":4},"end":{"line":25,"column":35}},"9":{"start":{"line":27,"column":4},"end":{"line":27,"column":64}},"10":{"start":{"line":28,"column":4},"end":{"line":28,"column":29}},"11":{"start":{"line":30,"column":4},"end":{"line":30,"column":21}},"12":{"start":{"line":35,"column":41},"end":{"line":35,"column":49}},"13":{"start":{"line":37,"column":17},"end":{"line":37,"column":41}},"14":{"start":{"line":38,"column":2},"end":{"line":56,"column":3}},"15":{"start":{"line":39,"column":21},"end":{"line":42,"column":5}},"16":{"start":{"line":44,"column":19},"end":{"line":46,"column":6}},"17":{"start":{"line":48,"column":18},"end":{"line":48,"column":34}},"18":{"start":{"line":50,"column":4},"end":{"line":50,"column":34}},"19":{"start":{"line":52,"column":4},"end":{"line":52,"column":67}},"20":{"start":{"line":53,"column":4},"end":{"line":53,"column":29}},"21":{"start":{"line":55,"column":4},"end":{"line":55,"column":21}},"22":{"start":{"line":60,"column":13},"end":{"line":60,"column":26}},"23":{"start":{"line":61,"column":17},"end":{"line":61,"column":41}},"24":{"start":{"line":62,"column":2},"end":{"line":74,"column":3}},"25":{"start":{"line":63,"column":4},"end":{"line":66,"column":6}},"26":{"start":{"line":68,"column":4},"end":{"line":68,"column":59}},"27":{"start":{"line":70,"column":4},"end":{"line":70,"column":67}},"28":{"start":{"line":71,"column":4},"end":{"line":71,"column":29}},"29":{"start":{"line":73,"column":4},"end":{"line":73,"column":21}}},"fnMap":{"0":{"name":"(anonymous_0)","decl":{"start":{"line":13,"column":21},"end":{"line":13,"column":22}},"loc":{"start":{"line":13,"column":38},"end":{"line":16,"column":1}},"line":13},"1":{"name":"getUsers","decl":{"start":{"line":18,"column":15},"end":{"line":18,"column":23}},"loc":{"start":{"line":18,"column":34},"end":{"line":32,"column":1}},"line":18},"2":{"name":"createUser","decl":{"start":{"line":34,"column":15},"end":{"line":34,"column":25}},"loc":{"start":{"line":34,"column":36},"end":{"line":57,"column":1}},"line":34},"3":{"name":"deleteUser","decl":{"start":{"line":59,"column":15},"end":{"line":59,"column":25}},"loc":{"start":{"line":59,"column":36},"end":{"line":75,"column":1}},"line":59}},"branchMap":{},"s":{"0":1,"1":1,"2":0,"3":0,"4":1,"5":1,"6":1,"7":1,"8":1,"9":0,"10":0,"11":1,"12":16,"13":16,"14":16,"15":16,"16":16,"17":16,"18":16,"19":0,"20":0,"21":16,"22":16,"23":16,"24":16,"25":16,"26":16,"27":0,"28":0,"29":16},"f":{"0":0,"1":1,"2":16,"3":16},"b":{},"_coverageSchema":"1a1c01bbd47fc00a2c39e90264f33305004495a9","hash":"cfcb2dff03c42aaa1be66c51baf10deb7a5def25"}
,"/home/sarahnd/LS/TestLab/proto-testLab/src/models/experiment.js": {"path":"/home/sarahnd/LS/TestLab/proto-testLab/src/models/experiment.js","statementMap":{"0":{"start":{"line":1,"column":19},"end":{"line":13,"column":1}},"1":{"start":{"line":3,"column":4},"end":{"line":3,"column":21}},"2":{"start":{"line":4,"column":4},"end":{"line":4,"column":31}},"3":{"start":{"line":5,"column":4},"end":{"line":5,"column":25}},"4":{"start":{"line":7,"column":4},"end":{"line":7,"column":37}},"5":{"start":{"line":8,"column":4},"end":{"line":8,"column":33}},"6":{"start":{"line":9,"column":4},"end":{"line":9,"column":37}},"7":{"start":{"line":10,"column":4},"end":{"line":10,"column":55}},"8":{"start":{"line":11,"column":4},"end":{"line":11,"column":45}},"9":{"start":{"line":15,"column":16},"end":{"line":23,"column":1}},"10":{"start":{"line":17,"column":4},"end":{"line":17,"column":21}},"11":{"start":{"line":18,"column":4},"end":{"line":18,"column":27}},"12":{"start":{"line":19,"column":4},"end":{"line":19,"column":43}},"13":{"start":{"line":20,"column":4},"end":{"line":20,"column":37}},"14":{"start":{"line":21,"column":4},"end":{"line":21,"column":29}}},"fnMap":{"0":{"name":"(anonymous_0)","decl":{"start":{"line":2,"column":2},"end":{"line":2,"column":3}},"loc":{"start":{"line":2,"column":19},"end":{"line":12,"column":3}},"line":2},"1":{"name":"(anonymous_1)","decl":{"start":{"line":16,"column":2},"end":{"line":16,"column":3}},"loc":{"start":{"line":16,"column":19},"end":{"line":22,"column":3}},"line":16}},"branchMap":{"0":{"loc":{"start":{"line":11,"column":23},"end":{"line":11,"column":44}},"type":"binary-expr","locations":[{"start":{"line":11,"column":23},"end":{"line":11,"column":38}},{"start":{"line":11,"column":42},"end":{"line":11,"column":44}}],"line":11}},"s":{"0":1,"1":39,"2":39,"3":39,"4":39,"5":39,"6":39,"7":39,"8":39,"9":1,"10":12,"11":12,"12":12,"13":12,"14":12},"f":{"0":39,"1":12},"b":{"0":[39,39]},"_coverageSchema":"1a1c01bbd47fc00a2c39e90264f33305004495a9","hash":"e9a340aff43ac2c1ad9854b35a8edee0ca48b9ef"}
,"/home/sarahnd/LS/TestLab/proto-testLab/src/routes/router.js": {"path":"/home/sarahnd/LS/TestLab/proto-testLab/src/routes/router.js","statementMap":{"0":{"start":{"line":15,"column":15},"end":{"line":15,"column":31}},"1":{"start":{"line":17,"column":0},"end":{"line":17,"column":46}},"2":{"start":{"line":19,"column":0},"end":{"line":19,"column":53}},"3":{"start":{"line":21,"column":0},"end":{"line":21,"column":49}},"4":{"start":{"line":27,"column":0},"end":{"line":27,"column":52}},"5":{"start":{"line":29,"column":0},"end":{"line":29,"column":55}},"6":{"start":{"line":31,"column":0},"end":{"line":31,"column":60}},"7":{"start":{"line":33,"column":0},"end":{"line":33,"column":63}},"8":{"start":{"line":36,"column":0},"end":{"line":36,"column":59}},"9":{"start":{"line":38,"column":0},"end":{"line":38,"column":40}},"10":{"start":{"line":40,"column":0},"end":{"line":40,"column":37}},"11":{"start":{"line":42,"column":0},"end":{"line":42,"column":65}},"12":{"start":{"line":44,"column":0},"end":{"line":44,"column":74}},"13":{"start":{"line":50,"column":0},"end":{"line":50,"column":35}},"14":{"start":{"line":52,"column":0},"end":{"line":52,"column":38}},"15":{"start":{"line":54,"column":0},"end":{"line":54,"column":44}}},"fnMap":{},"branchMap":{},"s":{"0":1,"1":1,"2":1,"3":1,"4":1,"5":1,"6":1,"7":1,"8":1,"9":1,"10":1,"11":1,"12":1,"13":1,"14":1,"15":1},"f":{},"b":{},"_coverageSchema":"1a1c01bbd47fc00a2c39e90264f33305004495a9","hash":"10272da7dbeb129f03928c623c156d1443ec0a37"}
,"/home/sarahnd/LS/TestLab/proto-testLab/src/utils/config.js": {"path":"/home/sarahnd/LS/TestLab/proto-testLab/src/utils/config.js","statementMap":{"0":{"start":{"line":3,"column":13},"end":{"line":3,"column":29}},"1":{"start":{"line":4,"column":20},"end":{"line":4,"column":43}},"2":{"start":{"line":5,"column":16},"end":{"line":5,"column":35}},"3":{"start":{"line":6,"column":20},"end":{"line":6,"column":43}},"4":{"start":{"line":7,"column":20},"end":{"line":7,"column":43}}},"fnMap":{},"branchMap":{},"s":{"0":1,"1":1,"2":1,"3":1,"4":1},"f":{},"b":{},"_coverageSchema":"1a1c01bbd47fc00a2c39e90264f33305004495a9","hash":"5220821c6c34d214586112270f06934e710a6c51"}
,"/home/sarahnd/LS/TestLab/proto-testLab/src/utils/logger.js": {"path":"/home/sarahnd/LS/TestLab/proto-testLab/src/utils/logger.js","statementMap":{"0":{"start":{"line":1,"column":13},"end":{"line":3,"column":1}},"1":{"start":{"line":2,"column":2},"end":{"line":2,"column":25}},"2":{"start":{"line":5,"column":14},"end":{"line":7,"column":1}},"3":{"start":{"line":6,"column":2},"end":{"line":6,"column":27}}},"fnMap":{"0":{"name":"(anonymous_0)","decl":{"start":{"line":1,"column":13},"end":{"line":1,"column":14}},"loc":{"start":{"line":1,"column":28},"end":{"line":3,"column":1}},"line":1},"1":{"name":"(anonymous_1)","decl":{"start":{"line":5,"column":14},"end":{"line":5,"column":15}},"loc":{"start":{"line":5,"column":29},"end":{"line":7,"column":1}},"line":5}},"branchMap":{},"s":{"0":1,"1":492,"2":1,"3":0},"f":{"0":492,"1":0},"b":{},"_coverageSchema":"1a1c01bbd47fc00a2c39e90264f33305004495a9","hash":"d34ab776623a91e4efc10168c5833a1592edf82d"}
,"/home/sarahnd/LS/TestLab/proto-testLab/src/utils/middleware.js": {"path":"/home/sarahnd/LS/TestLab/proto-testLab/src/utils/middleware.js","statementMap":{"0":{"start":{"line":3,"column":22},"end":{"line":9,"column":1}},"1":{"start":{"line":4,"column":2},"end":{"line":4,"column":41}},"2":{"start":{"line":5,"column":2},"end":{"line":5,"column":39}},"3":{"start":{"line":6,"column":2},"end":{"line":6,"column":39}},"4":{"start":{"line":7,"column":2},"end":{"line":7,"column":21}},"5":{"start":{"line":8,"column":2},"end":{"line":8,"column":9}},"6":{"start":{"line":11,"column":24},"end":{"line":13,"column":1}},"7":{"start":{"line":12,"column":2},"end":{"line":12,"column":59}},"8":{"start":{"line":15,"column":21},"end":{"line":25,"column":1}},"9":{"start":{"line":16,"column":2},"end":{"line":16,"column":30}},"10":{"start":{"line":18,"column":2},"end":{"line":22,"column":3}},"11":{"start":{"line":19,"column":4},"end":{"line":19,"column":67}},"12":{"start":{"line":20,"column":9},"end":{"line":22,"column":3}},"13":{"start":{"line":21,"column":4},"end":{"line":21,"column":63}},"14":{"start":{"line":24,"column":2},"end":{"line":24,"column":14}}},"fnMap":{"0":{"name":"(anonymous_0)","decl":{"start":{"line":3,"column":22},"end":{"line":3,"column":23}},"loc":{"start":{"line":3,"column":51},"end":{"line":9,"column":1}},"line":3},"1":{"name":"(anonymous_1)","decl":{"start":{"line":11,"column":24},"end":{"line":11,"column":25}},"loc":{"start":{"line":11,"column":47},"end":{"line":13,"column":1}},"line":11},"2":{"name":"(anonymous_2)","decl":{"start":{"line":15,"column":21},"end":{"line":15,"column":22}},"loc":{"start":{"line":15,"column":57},"end":{"line":25,"column":1}},"line":15}},"branchMap":{"0":{"loc":{"start":{"line":18,"column":2},"end":{"line":22,"column":3}},"type":"if","locations":[{"start":{"line":18,"column":2},"end":{"line":22,"column":3}},{"start":{"line":20,"column":9},"end":{"line":22,"column":3}}],"line":18},"1":{"loc":{"start":{"line":20,"column":9},"end":{"line":22,"column":3}},"type":"if","locations":[{"start":{"line":20,"column":9},"end":{"line":22,"column":3}},{"start":{},"end":{}}],"line":20}},"s":{"0":1,"1":123,"2":123,"3":123,"4":123,"5":123,"6":1,"7":0,"8":1,"9":0,"10":0,"11":0,"12":0,"13":0,"14":0},"f":{"0":123,"1":0,"2":0},"b":{"0":[0,0],"1":[0,0]},"_coverageSchema":"1a1c01bbd47fc00a2c39e90264f33305004495a9","hash":"8bbe1c5de66f8c2bde0cbb3d4ebf314d93d28c0c"}
}
