{"/home/sarahnd/LS/TestLab/proto-testLab/src/controllers/featuresController.js": {"path":"/home/sarahnd/LS/TestLab/proto-testLab/src/controllers/featuresController.js","statementMap":{"0":{"start":{"line":5,"column":17},"end":{"line":5,"column":62}},"1":{"start":{"line":6,"column":0},"end":{"line":9,"column":3}},"2":{"start":{"line":7,"column":2},"end":{"line":7,"column":56}},"3":{"start":{"line":8,"column":2},"end":{"line":8,"column":19}},"4":{"start":{"line":12,"column":17},"end":{"line":12,"column":41}},"5":{"start":{"line":13,"column":2},"end":{"line":34,"column":3}},"6":{"start":{"line":14,"column":21},"end":{"line":16,"column":5}},"7":{"start":{"line":17,"column":22},"end":{"line":19,"column":6}},"8":{"start":{"line":18,"column":6},"end":{"line":18,"column":30}},"9":{"start":{"line":20,"column":4},"end":{"line":26,"column":5}},"10":{"start":{"line":20,"column":17},"end":{"line":20,"column":18}},"11":{"start":{"line":21,"column":21},"end":{"line":21,"column":57}},"12":{"start":{"line":22,"column":6},"end":{"line":22,"column":72}},"13":{"start":{"line":22,"column":30},"end":{"line":22,"column":72}},"14":{"start":{"line":23,"column":6},"end":{"line":25,"column":9}},"15":{"start":{"line":24,"column":8},"end":{"line":24,"column":36}},"16":{"start":{"line":28,"column":4},"end":{"line":28,"column":38}},"17":{"start":{"line":30,"column":4},"end":{"line":30,"column":66}},"18":{"start":{"line":31,"column":4},"end":{"line":31,"column":29}},"19":{"start":{"line":33,"column":4},"end":{"line":33,"column":21}},"20":{"start":{"line":38,"column":17},"end":{"line":38,"column":41}},"21":{"start":{"line":39,"column":2},"end":{"line":70,"column":3}},"22":{"start":{"line":40,"column":19},"end":{"line":42,"column":5}},"23":{"start":{"line":43,"column":22},"end":{"line":45,"column":6}},"24":{"start":{"line":44,"column":6},"end":{"line":44,"column":30}},"25":{"start":{"line":46,"column":4},"end":{"line":52,"column":5}},"26":{"start":{"line":46,"column":17},"end":{"line":46,"column":18}},"27":{"start":{"line":47,"column":21},"end":{"line":47,"column":57}},"28":{"start":{"line":48,"column":6},"end":{"line":48,"column":72}},"29":{"start":{"line":48,"column":30},"end":{"line":48,"column":72}},"30":{"start":{"line":49,"column":6},"end":{"line":51,"column":9}},"31":{"start":{"line":50,"column":8},"end":{"line":50,"column":36}},"32":{"start":{"line":53,"column":25},"end":{"line":53,"column":70}},"33":{"start":{"line":53,"column":52},"end":{"line":53,"column":69}},"34":{"start":{"line":54,"column":26},"end":{"line":54,"column":71}},"35":{"start":{"line":54,"column":53},"end":{"line":54,"column":70}},"36":{"start":{"line":55,"column":29},"end":{"line":55,"column":74}},"37":{"start":{"line":55,"column":56},"end":{"line":55,"column":73}},"38":{"start":{"line":56,"column":4},"end":{"line":56,"column":46}},"39":{"start":{"line":58,"column":21},"end":{"line":60,"column":5}},"40":{"start":{"line":61,"column":4},"end":{"line":61,"column":32}},"41":{"start":{"line":62,"column":21},"end":{"line":62,"column":118}},"42":{"start":{"line":64,"column":4},"end":{"line":64,"column":37}},"43":{"start":{"line":66,"column":4},"end":{"line":66,"column":66}},"44":{"start":{"line":67,"column":4},"end":{"line":67,"column":29}},"45":{"start":{"line":69,"column":4},"end":{"line":69,"column":21}},"46":{"start":{"line":74,"column":29},"end":{"line":74,"column":67}},"47":{"start":{"line":74,"column":60},"end":{"line":74,"column":66}},"48":{"start":{"line":75,"column":17},"end":{"line":75,"column":41}},"49":{"start":{"line":76,"column":2},"end":{"line":115,"column":3}},"50":{"start":{"line":77,"column":19},"end":{"line":79,"column":5}},"51":{"start":{"line":80,"column":21},"end":{"line":80,"column":34}},"52":{"start":{"line":81,"column":20},"end":{"line":81,"column":22}},"53":{"start":{"line":82,"column":23},"end":{"line":82,"column":25}},"54":{"start":{"line":83,"column":21},"end":{"line":83,"column":23}},"55":{"start":{"line":85,"column":4},"end":{"line":95,"column":6}},"56":{"start":{"line":86,"column":6},"end":{"line":89,"column":7}},"57":{"start":{"line":87,"column":8},"end":{"line":87,"column":30}},"58":{"start":{"line":88,"column":8},"end":{"line":88,"column":14}},"59":{"start":{"line":90,"column":6},"end":{"line":93,"column":7}},"60":{"start":{"line":91,"column":8},"end":{"line":91,"column":29}},"61":{"start":{"line":92,"column":8},"end":{"line":92,"column":14}},"62":{"start":{"line":94,"column":6},"end":{"line":94,"column":41}},"63":{"start":{"line":97,"column":4},"end":{"line":100,"column":5}},"64":{"start":{"line":97,"column":16},"end":{"line":97,"column":17}},"65":{"start":{"line":98,"column":18},"end":{"line":98,"column":30}},"66":{"start":{"line":99,"column":6},"end":{"line":99,"column":48}},"67":{"start":{"line":102,"column":4},"end":{"line":108,"column":5}},"68":{"start":{"line":102,"column":16},"end":{"line":102,"column":17}},"69":{"start":{"line":103,"column":6},"end":{"line":103,"column":78}},"70":{"start":{"line":103,"column":36},"end":{"line":103,"column":78}},"71":{"start":{"line":104,"column":23},"end":{"line":104,"column":44}},"72":{"start":{"line":105,"column":15},"end":{"line":105,"column":38}},"73":{"start":{"line":106,"column":6},"end":{"line":106,"column":45}},"74":{"start":{"line":106,"column":37},"end":{"line":106,"column":45}},"75":{"start":{"line":107,"column":6},"end":{"line":107,"column":67}},"76":{"start":{"line":111,"column":4},"end":{"line":111,"column":40}},"77":{"start":{"line":112,"column":4},"end":{"line":112,"column":16}},"78":{"start":{"line":114,"column":4},"end":{"line":114,"column":21}},"79":{"start":{"line":119,"column":19},"end":{"line":119,"column":32}},"80":{"start":{"line":120,"column":19},"end":{"line":120,"column":45}},"81":{"start":{"line":121,"column":2},"end":{"line":121,"column":19}},"82":{"start":{"line":122,"column":20},"end":{"line":122,"column":41}},"83":{"start":{"line":123,"column":2},"end":{"line":123,"column":48}},"84":{"start":{"line":124,"column":21},"end":{"line":124,"column":23}},"85":{"start":{"line":125,"column":17},"end":{"line":125,"column":41}},"86":{"start":{"line":126,"column":2},"end":{"line":147,"column":3}},"87":{"start":{"line":127,"column":4},"end":{"line":129,"column":5}},"88":{"start":{"line":128,"column":6},"end":{"line":128,"column":68}},"89":{"start":{"line":130,"column":28},"end":{"line":130,"column":29}},"90":{"start":{"line":131,"column":4},"end":{"line":139,"column":5}},"91":{"start":{"line":131,"column":16},"end":{"line":131,"column":17}},"92":{"start":{"line":132,"column":6},"end":{"line":132,"column":49}},"93":{"start":{"line":132,"column":43},"end":{"line":132,"column":49}},"94":{"start":{"line":133,"column":6},"end":{"line":133,"column":29}},"95":{"start":{"line":134,"column":17},"end":{"line":134,"column":30}},"96":{"start":{"line":135,"column":6},"end":{"line":137,"column":8}},"97":{"start":{"line":138,"column":6},"end":{"line":138,"column":41}},"98":{"start":{"line":140,"column":4},"end":{"line":140,"column":72}},"99":{"start":{"line":140,"column":39},"end":{"line":140,"column":71}},"100":{"start":{"line":143,"column":4},"end":{"line":143,"column":22}},"101":{"start":{"line":144,"column":4},"end":{"line":144,"column":16}},"102":{"start":{"line":146,"column":4},"end":{"line":146,"column":21}},"103":{"start":{"line":151,"column":15},"end":{"line":151,"column":20}},"104":{"start":{"line":152,"column":17},"end":{"line":152,"column":41}},"105":{"start":{"line":153,"column":2},"end":{"line":163,"column":3}},"106":{"start":{"line":154,"column":4},"end":{"line":156,"column":6}},"107":{"start":{"line":157,"column":4},"end":{"line":157,"column":16}},"108":{"start":{"line":159,"column":4},"end":{"line":159,"column":61}},"109":{"start":{"line":160,"column":4},"end":{"line":160,"column":16}},"110":{"start":{"line":162,"column":4},"end":{"line":162,"column":21}},"111":{"start":{"line":167,"column":13},"end":{"line":167,"column":26}},"112":{"start":{"line":168,"column":17},"end":{"line":168,"column":41}},"113":{"start":{"line":169,"column":2},"end":{"line":185,"column":3}},"114":{"start":{"line":170,"column":21},"end":{"line":172,"column":5}},"115":{"start":{"line":173,"column":21},"end":{"line":173,"column":50}},"116":{"start":{"line":174,"column":19},"end":{"line":174,"column":40}},"117":{"start":{"line":175,"column":4},"end":{"line":175,"column":70}},"118":{"start":{"line":175,"column":28},"end":{"line":175,"column":70}},"119":{"start":{"line":176,"column":4},"end":{"line":178,"column":7}},"120":{"start":{"line":177,"column":6},"end":{"line":177,"column":34}},"121":{"start":{"line":179,"column":4},"end":{"line":179,"column":37}},"122":{"start":{"line":181,"column":4},"end":{"line":181,"column":66}},"123":{"start":{"line":182,"column":4},"end":{"line":182,"column":29}},"124":{"start":{"line":184,"column":4},"end":{"line":184,"column":21}},"125":{"start":{"line":189,"column":17},"end":{"line":189,"column":41}},"126":{"start":{"line":190,"column":2},"end":{"line":201,"column":3}},"127":{"start":{"line":191,"column":21},"end":{"line":193,"column":5}},"128":{"start":{"line":194,"column":22},"end":{"line":194,"column":35}},"129":{"start":{"line":195,"column":4},"end":{"line":195,"column":22}},"130":{"start":{"line":197,"column":4},"end":{"line":197,"column":29}},"131":{"start":{"line":198,"column":4},"end":{"line":198,"column":18}},"132":{"start":{"line":200,"column":4},"end":{"line":200,"column":21}},"133":{"start":{"line":205,"column":13},"end":{"line":205,"column":26}},"134":{"start":{"line":206,"column":17},"end":{"line":206,"column":41}},"135":{"start":{"line":207,"column":2},"end":{"line":221,"column":3}},"136":{"start":{"line":208,"column":21},"end":{"line":210,"column":5}},"137":{"start":{"line":211,"column":21},"end":{"line":211,"column":34}},"138":{"start":{"line":212,"column":4},"end":{"line":214,"column":7}},"139":{"start":{"line":213,"column":6},"end":{"line":213,"column":34}},"140":{"start":{"line":215,"column":4},"end":{"line":215,"column":37}},"141":{"start":{"line":217,"column":4},"end":{"line":217,"column":29}},"142":{"start":{"line":218,"column":4},"end":{"line":218,"column":65}},"143":{"start":{"line":220,"column":4},"end":{"line":220,"column":21}},"144":{"start":{"line":225,"column":90},"end":{"line":225,"column":98}},"145":{"start":{"line":226,"column":2},"end":{"line":226,"column":51}},"146":{"start":{"line":226,"column":32},"end":{"line":226,"column":51}},"147":{"start":{"line":227,"column":2},"end":{"line":227,"column":57}},"148":{"start":{"line":227,"column":37},"end":{"line":227,"column":57}},"149":{"start":{"line":228,"column":2},"end":{"line":228,"column":50}},"150":{"start":{"line":228,"column":33},"end":{"line":228,"column":50}},"151":{"start":{"line":230,"column":17},"end":{"line":230,"column":41}},"152":{"start":{"line":231,"column":2},"end":{"line":250,"column":3}},"153":{"start":{"line":232,"column":19},"end":{"line":235,"column":5}},"154":{"start":{"line":237,"column":4},"end":{"line":240,"column":6}},"155":{"start":{"line":242,"column":4},"end":{"line":242,"column":32}},"156":{"start":{"line":243,"column":21},"end":{"line":243,"column":42}},"157":{"start":{"line":244,"column":4},"end":{"line":244,"column":37}},"158":{"start":{"line":246,"column":4},"end":{"line":246,"column":70}},"159":{"start":{"line":247,"column":4},"end":{"line":247,"column":29}},"160":{"start":{"line":249,"column":4},"end":{"line":249,"column":21}},"161":{"start":{"line":254,"column":13},"end":{"line":254,"column":26}},"162":{"start":{"line":256,"column":17},"end":{"line":256,"column":41}},"163":{"start":{"line":257,"column":2},"end":{"line":268,"column":3}},"164":{"start":{"line":258,"column":4},"end":{"line":261,"column":6}},"165":{"start":{"line":262,"column":4},"end":{"line":262,"column":71}},"166":{"start":{"line":264,"column":4},"end":{"line":264,"column":70}},"167":{"start":{"line":265,"column":4},"end":{"line":265,"column":29}},"168":{"start":{"line":267,"column":4},"end":{"line":267,"column":21}},"169":{"start":{"line":272,"column":92},"end":{"line":272,"column":100}},"170":{"start":{"line":274,"column":17},"end":{"line":274,"column":41}},"171":{"start":{"line":275,"column":2},"end":{"line":295,"column":3}},"172":{"start":{"line":276,"column":19},"end":{"line":278,"column":5}},"173":{"start":{"line":279,"column":4},"end":{"line":281,"column":6}},"174":{"start":{"line":282,"column":21},"end":{"line":282,"column":50}},"175":{"start":{"line":283,"column":19},"end":{"line":283,"column":40}},"176":{"start":{"line":284,"column":4},"end":{"line":284,"column":70}},"177":{"start":{"line":284,"column":28},"end":{"line":284,"column":70}},"178":{"start":{"line":285,"column":4},"end":{"line":287,"column":7}},"179":{"start":{"line":286,"column":6},"end":{"line":286,"column":34}},"180":{"start":{"line":288,"column":4},"end":{"line":288,"column":37}},"181":{"start":{"line":290,"column":4},"end":{"line":290,"column":74}},"182":{"start":{"line":291,"column":4},"end":{"line":291,"column":70}},"183":{"start":{"line":292,"column":4},"end":{"line":292,"column":29}},"184":{"start":{"line":294,"column":4},"end":{"line":294,"column":21}},"185":{"start":{"line":299,"column":11},"end":{"line":299,"column":24}},"186":{"start":{"line":300,"column":17},"end":{"line":300,"column":41}},"187":{"start":{"line":301,"column":2},"end":{"line":325,"column":3}},"188":{"start":{"line":302,"column":22},"end":{"line":302,"column":39}},"189":{"start":{"line":303,"column":4},"end":{"line":303,"column":29}},"190":{"start":{"line":305,"column":4},"end":{"line":309,"column":5}},"191":{"start":{"line":305,"column":17},"end":{"line":305,"column":18}},"192":{"start":{"line":306,"column":20},"end":{"line":306,"column":34}},"193":{"start":{"line":307,"column":6},"end":{"line":307,"column":133}},"194":{"start":{"line":307,"column":36},"end":{"line":307,"column":133}},"195":{"start":{"line":308,"column":6},"end":{"line":308,"column":35}},"196":{"start":{"line":310,"column":21},"end":{"line":312,"column":5}},"197":{"start":{"line":314,"column":22},"end":{"line":314,"column":35}},"198":{"start":{"line":315,"column":20},"end":{"line":315,"column":71}},"199":{"start":{"line":315,"column":49},"end":{"line":315,"column":67}},"200":{"start":{"line":317,"column":4},"end":{"line":317,"column":74}},"201":{"start":{"line":317,"column":25},"end":{"line":317,"column":74}},"202":{"start":{"line":318,"column":4},"end":{"line":318,"column":38}},"203":{"start":{"line":320,"column":4},"end":{"line":320,"column":74}},"204":{"start":{"line":321,"column":4},"end":{"line":321,"column":71}},"205":{"start":{"line":322,"column":4},"end":{"line":322,"column":29}},"206":{"start":{"line":324,"column":4},"end":{"line":324,"column":21}},"207":{"start":{"line":329,"column":2},"end":{"line":329,"column":48}},"208":{"start":{"line":329,"column":32},"end":{"line":329,"column":48}},"209":{"start":{"line":330,"column":2},"end":{"line":330,"column":58}},"210":{"start":{"line":330,"column":36},"end":{"line":330,"column":58}},"211":{"start":{"line":331,"column":17},"end":{"line":331,"column":41}},"212":{"start":{"line":332,"column":2},"end":{"line":342,"column":3}},"213":{"start":{"line":333,"column":21},"end":{"line":335,"column":5}},"214":{"start":{"line":337,"column":4},"end":{"line":337,"column":11}},"215":{"start":{"line":339,"column":4},"end":{"line":339,"column":45}},"216":{"start":{"line":341,"column":4},"end":{"line":341,"column":21}},"217":{"start":{"line":346,"column":17},"end":{"line":346,"column":41}},"218":{"start":{"line":347,"column":2},"end":{"line":355,"column":3}},"219":{"start":{"line":348,"column":4},"end":{"line":348,"column":75}},"220":{"start":{"line":349,"column":4},"end":{"line":349,"column":15}},"221":{"start":{"line":351,"column":4},"end":{"line":351,"column":58}},"222":{"start":{"line":352,"column":4},"end":{"line":352,"column":16}},"223":{"start":{"line":354,"column":4},"end":{"line":354,"column":21}}},"fnMap":{"0":{"name":"(anonymous_0)","decl":{"start":{"line":6,"column":21},"end":{"line":6,"column":22}},"loc":{"start":{"line":6,"column":38},"end":{"line":9,"column":1}},"line":6},"1":{"name":"getFeatures","decl":{"start":{"line":11,"column":15},"end":{"line":11,"column":26}},"loc":{"start":{"line":11,"column":37},"end":{"line":35,"column":1}},"line":11},"2":{"name":"(anonymous_2)","decl":{"start":{"line":17,"column":40},"end":{"line":17,"column":41}},"loc":{"start":{"line":17,"column":47},"end":{"line":19,"column":5}},"line":17},"3":{"name":"(anonymous_3)","decl":{"start":{"line":23,"column":48},"end":{"line":23,"column":49}},"loc":{"start":{"line":23,"column":59},"end":{"line":25,"column":7}},"line":23},"4":{"name":"getCurrentFeatures","decl":{"start":{"line":37,"column":15},"end":{"line":37,"column":33}},"loc":{"start":{"line":37,"column":44},"end":{"line":71,"column":1}},"line":37},"5":{"name":"(anonymous_5)","decl":{"start":{"line":43,"column":40},"end":{"line":43,"column":41}},"loc":{"start":{"line":43,"column":47},"end":{"line":45,"column":5}},"line":43},"6":{"name":"(anonymous_6)","decl":{"start":{"line":49,"column":48},"end":{"line":49,"column":49}},"loc":{"start":{"line":49,"column":59},"end":{"line":51,"column":7}},"line":49},"7":{"name":"(anonymous_7)","decl":{"start":{"line":53,"column":45},"end":{"line":53,"column":46}},"loc":{"start":{"line":53,"column":52},"end":{"line":53,"column":69}},"line":53},"8":{"name":"(anonymous_8)","decl":{"start":{"line":54,"column":46},"end":{"line":54,"column":47}},"loc":{"start":{"line":54,"column":53},"end":{"line":54,"column":70}},"line":54},"9":{"name":"(anonymous_9)","decl":{"start":{"line":55,"column":49},"end":{"line":55,"column":50}},"loc":{"start":{"line":55,"column":56},"end":{"line":55,"column":73}},"line":55},"10":{"name":"updateUserBlocks","decl":{"start":{"line":73,"column":15},"end":{"line":73,"column":31}},"loc":{"start":{"line":73,"column":52},"end":{"line":116,"column":1}},"line":73},"11":{"name":"(anonymous_11)","decl":{"start":{"line":74,"column":53},"end":{"line":74,"column":54}},"loc":{"start":{"line":74,"column":60},"end":{"line":74,"column":66}},"line":74},"12":{"name":"(anonymous_12)","decl":{"start":{"line":85,"column":24},"end":{"line":85,"column":25}},"loc":{"start":{"line":85,"column":32},"end":{"line":95,"column":5}},"line":85},"13":{"name":"scheduleExperiment","decl":{"start":{"line":118,"column":15},"end":{"line":118,"column":33}},"loc":{"start":{"line":118,"column":58},"end":{"line":148,"column":1}},"line":118},"14":{"name":"(anonymous_14)","decl":{"start":{"line":140,"column":30},"end":{"line":140,"column":31}},"loc":{"start":{"line":140,"column":39},"end":{"line":140,"column":71}},"line":140},"15":{"name":"resetBlock","decl":{"start":{"line":150,"column":15},"end":{"line":150,"column":25}},"loc":{"start":{"line":150,"column":33},"end":{"line":164,"column":1}},"line":150},"16":{"name":"getFeatureByID","decl":{"start":{"line":166,"column":15},"end":{"line":166,"column":29}},"loc":{"start":{"line":166,"column":40},"end":{"line":186,"column":1}},"line":166},"17":{"name":"(anonymous_17)","decl":{"start":{"line":176,"column":42},"end":{"line":176,"column":43}},"loc":{"start":{"line":176,"column":53},"end":{"line":178,"column":5}},"line":176},"18":{"name":"getVariants","decl":{"start":{"line":188,"column":15},"end":{"line":188,"column":26}},"loc":{"start":{"line":188,"column":39},"end":{"line":202,"column":1}},"line":188},"19":{"name":"getVariantsByExpID","decl":{"start":{"line":204,"column":15},"end":{"line":204,"column":33}},"loc":{"start":{"line":204,"column":44},"end":{"line":222,"column":1}},"line":204},"20":{"name":"(anonymous_20)","decl":{"start":{"line":212,"column":32},"end":{"line":212,"column":33}},"loc":{"start":{"line":212,"column":43},"end":{"line":214,"column":5}},"line":212},"21":{"name":"createFeature","decl":{"start":{"line":224,"column":15},"end":{"line":224,"column":28}},"loc":{"start":{"line":224,"column":39},"end":{"line":251,"column":1}},"line":224},"22":{"name":"deleteFeature","decl":{"start":{"line":253,"column":15},"end":{"line":253,"column":28}},"loc":{"start":{"line":253,"column":39},"end":{"line":269,"column":1}},"line":253},"23":{"name":"updateFeature","decl":{"start":{"line":271,"column":15},"end":{"line":271,"column":28}},"loc":{"start":{"line":271,"column":39},"end":{"line":296,"column":1}},"line":271},"24":{"name":"(anonymous_24)","decl":{"start":{"line":285,"column":42},"end":{"line":285,"column":43}},"loc":{"start":{"line":285,"column":53},"end":{"line":287,"column":5}},"line":285},"25":{"name":"createVariants","decl":{"start":{"line":298,"column":15},"end":{"line":298,"column":29}},"loc":{"start":{"line":298,"column":40},"end":{"line":326,"column":1}},"line":298},"26":{"name":"(anonymous_26)","decl":{"start":{"line":315,"column":40},"end":{"line":315,"column":41}},"loc":{"start":{"line":315,"column":49},"end":{"line":315,"column":67}},"line":315},"27":{"name":"createVariant","decl":{"start":{"line":328,"column":15},"end":{"line":328,"column":28}},"loc":{"start":{"line":328,"column":34},"end":{"line":343,"column":1}},"line":328},"28":{"name":"deleteVariants","decl":{"start":{"line":345,"column":15},"end":{"line":345,"column":29}},"loc":{"start":{"line":345,"column":35},"end":{"line":356,"column":1}},"line":345}},"branchMap":{"0":{"loc":{"start":{"line":22,"column":6},"end":{"line":22,"column":72}},"type":"if","locations":[{"start":{"line":22,"column":6},"end":{"line":22,"column":72}},{"start":{},"end":{}}],"line":22},"1":{"loc":{"start":{"line":48,"column":6},"end":{"line":48,"column":72}},"type":"if","locations":[{"start":{"line":48,"column":6},"end":{"line":48,"column":72}},{"start":{},"end":{}}],"line":48},"2":{"loc":{"start":{"line":86,"column":6},"end":{"line":89,"column":7}},"type":"if","locations":[{"start":{"line":86,"column":6},"end":{"line":89,"column":7}},{"start":{},"end":{}}],"line":86},"3":{"loc":{"start":{"line":90,"column":6},"end":{"line":93,"column":7}},"type":"if","locations":[{"start":{"line":90,"column":6},"end":{"line":93,"column":7}},{"start":{},"end":{}}],"line":90},"4":{"loc":{"start":{"line":103,"column":6},"end":{"line":103,"column":78}},"type":"if","locations":[{"start":{"line":103,"column":6},"end":{"line":103,"column":78}},{"start":{},"end":{}}],"line":103},"5":{"loc":{"start":{"line":106,"column":6},"end":{"line":106,"column":45}},"type":"if","locations":[{"start":{"line":106,"column":6},"end":{"line":106,"column":45}},{"start":{},"end":{}}],"line":106},"6":{"loc":{"start":{"line":127,"column":4},"end":{"line":129,"column":5}},"type":"if","locations":[{"start":{"line":127,"column":4},"end":{"line":129,"column":5}},{"start":{},"end":{}}],"line":127},"7":{"loc":{"start":{"line":127,"column":8},"end":{"line":127,"column":60}},"type":"binary-expr","locations":[{"start":{"line":127,"column":8},"end":{"line":127,"column":32}},{"start":{"line":127,"column":36},"end":{"line":127,"column":60}}],"line":127},"8":{"loc":{"start":{"line":132,"column":6},"end":{"line":132,"column":49}},"type":"if","locations":[{"start":{"line":132,"column":6},"end":{"line":132,"column":49}},{"start":{},"end":{}}],"line":132},"9":{"loc":{"start":{"line":175,"column":4},"end":{"line":175,"column":70}},"type":"if","locations":[{"start":{"line":175,"column":4},"end":{"line":175,"column":70}},{"start":{},"end":{}}],"line":175},"10":{"loc":{"start":{"line":226,"column":2},"end":{"line":226,"column":51}},"type":"if","locations":[{"start":{"line":226,"column":2},"end":{"line":226,"column":51}},{"start":{},"end":{}}],"line":226},"11":{"loc":{"start":{"line":227,"column":2},"end":{"line":227,"column":57}},"type":"if","locations":[{"start":{"line":227,"column":2},"end":{"line":227,"column":57}},{"start":{},"end":{}}],"line":227},"12":{"loc":{"start":{"line":228,"column":2},"end":{"line":228,"column":50}},"type":"if","locations":[{"start":{"line":228,"column":2},"end":{"line":228,"column":50}},{"start":{},"end":{}}],"line":228},"13":{"loc":{"start":{"line":284,"column":4},"end":{"line":284,"column":70}},"type":"if","locations":[{"start":{"line":284,"column":4},"end":{"line":284,"column":70}},{"start":{},"end":{}}],"line":284},"14":{"loc":{"start":{"line":307,"column":6},"end":{"line":307,"column":133}},"type":"if","locations":[{"start":{"line":307,"column":6},"end":{"line":307,"column":133}},{"start":{},"end":{}}],"line":307},"15":{"loc":{"start":{"line":317,"column":4},"end":{"line":317,"column":74}},"type":"if","locations":[{"start":{"line":317,"column":4},"end":{"line":317,"column":74}},{"start":{},"end":{}}],"line":317},"16":{"loc":{"start":{"line":329,"column":2},"end":{"line":329,"column":48}},"type":"if","locations":[{"start":{"line":329,"column":2},"end":{"line":329,"column":48}},{"start":{},"end":{}}],"line":329},"17":{"loc":{"start":{"line":330,"column":2},"end":{"line":330,"column":58}},"type":"if","locations":[{"start":{"line":330,"column":2},"end":{"line":330,"column":58}},{"start":{},"end":{}}],"line":330}},"s":{"0":1,"1":1,"2":0,"3":0,"4":0,"5":0,"6":0,"7":0,"8":0,"9":0,"10":0,"11":0,"12":0,"13":0,"14":0,"15":0,"16":0,"17":0,"18":0,"19":0,"20":0,"21":0,"22":0,"23":0,"24":0,"25":0,"26":0,"27":0,"28":0,"29":0,"30":0,"31":0,"32":0,"33":0,"34":0,"35":0,"36":0,"37":0,"38":0,"39":0,"40":0,"41":0,"42":0,"43":0,"44":0,"45":0,"46":0,"47":0,"48":0,"49":0,"50":0,"51":0,"52":0,"53":0,"54":0,"55":0,"56":0,"57":0,"58":0,"59":0,"60":0,"61":0,"62":0,"63":0,"64":0,"65":0,"66":0,"67":0,"68":0,"69":0,"70":0,"71":0,"72":0,"73":0,"74":0,"75":0,"76":0,"77":0,"78":0,"79":1,"80":1,"81":1,"82":1,"83":1,"84":1,"85":1,"86":1,"87":1,"88":1,"89":0,"90":0,"91":0,"92":0,"93":0,"94":0,"95":0,"96":0,"97":0,"98":0,"99":0,"100":1,"101":1,"102":1,"103":0,"104":0,"105":0,"106":0,"107":0,"108":0,"109":0,"110":0,"111":0,"112":0,"113":0,"114":0,"115":0,"116":0,"117":0,"118":0,"119":0,"120":0,"121":0,"122":0,"123":0,"124":0,"125":0,"126":0,"127":0,"128":0,"129":0,"130":0,"131":0,"132":0,"133":0,"134":0,"135":0,"136":0,"137":0,"138":0,"139":0,"140":0,"141":0,"142":0,"143":0,"144":0,"145":0,"146":0,"147":0,"148":0,"149":0,"150":0,"151":0,"152":0,"153":0,"154":0,"155":0,"156":0,"157":0,"158":0,"159":0,"160":0,"161":0,"162":0,"163":0,"164":0,"165":0,"166":0,"167":0,"168":0,"169":0,"170":0,"171":0,"172":0,"173":0,"174":0,"175":0,"176":0,"177":0,"178":0,"179":0,"180":0,"181":0,"182":0,"183":0,"184":0,"185":0,"186":0,"187":0,"188":0,"189":0,"190":0,"191":0,"192":0,"193":0,"194":0,"195":0,"196":0,"197":0,"198":0,"199":0,"200":0,"201":0,"202":0,"203":0,"204":0,"205":0,"206":0,"207":0,"208":0,"209":0,"210":0,"211":0,"212":0,"213":0,"214":0,"215":0,"216":0,"217":0,"218":0,"219":0,"220":0,"221":0,"222":0,"223":0},"f":{"0":0,"1":0,"2":0,"3":0,"4":0,"5":0,"6":0,"7":0,"8":0,"9":0,"10":0,"11":0,"12":0,"13":1,"14":0,"15":0,"16":0,"17":0,"18":0,"19":0,"20":0,"21":0,"22":0,"23":0,"24":0,"25":0,"26":0,"27":0,"28":0},"b":{"0":[0,0],"1":[0,0],"2":[0,0],"3":[0,0],"4":[0,0],"5":[0,0],"6":[1,0],"7":[1,0],"8":[0,0],"9":[0,0],"10":[0,0],"11":[0,0],"12":[0,0],"13":[0,0],"14":[0,0],"15":[0,0],"16":[0,0],"17":[0,0]},"_coverageSchema":"1a1c01bbd47fc00a2c39e90264f33305004495a9","hash":"8c864e57252ab7568fbec6e576bf42db8481c4e2"}
,"/home/sarahnd/LS/TestLab/proto-testLab/src/models/feature.js": {"path":"/home/sarahnd/LS/TestLab/proto-testLab/src/models/feature.js","statementMap":{"0":{"start":{"line":1,"column":16},"end":{"line":14,"column":1}},"1":{"start":{"line":3,"column":4},"end":{"line":3,"column":21}},"2":{"start":{"line":4,"column":4},"end":{"line":4,"column":31}},"3":{"start":{"line":5,"column":4},"end":{"line":5,"column":25}},"4":{"start":{"line":7,"column":4},"end":{"line":7,"column":37}},"5":{"start":{"line":8,"column":4},"end":{"line":8,"column":33}},"6":{"start":{"line":9,"column":4},"end":{"line":9,"column":37}},"7":{"start":{"line":10,"column":4},"end":{"line":10,"column":55}},"8":{"start":{"line":11,"column":4},"end":{"line":11,"column":38}},"9":{"start":{"line":12,"column":4},"end":{"line":12,"column":45}},"10":{"start":{"line":16,"column":16},"end":{"line":24,"column":1}},"11":{"start":{"line":18,"column":4},"end":{"line":18,"column":21}},"12":{"start":{"line":19,"column":4},"end":{"line":19,"column":27}},"13":{"start":{"line":20,"column":4},"end":{"line":20,"column":43}},"14":{"start":{"line":21,"column":4},"end":{"line":21,"column":37}},"15":{"start":{"line":22,"column":4},"end":{"line":22,"column":29}}},"fnMap":{"0":{"name":"(anonymous_0)","decl":{"start":{"line":2,"column":2},"end":{"line":2,"column":3}},"loc":{"start":{"line":2,"column":19},"end":{"line":13,"column":3}},"line":2},"1":{"name":"(anonymous_1)","decl":{"start":{"line":17,"column":2},"end":{"line":17,"column":3}},"loc":{"start":{"line":17,"column":19},"end":{"line":23,"column":3}},"line":17}},"branchMap":{"0":{"loc":{"start":{"line":12,"column":23},"end":{"line":12,"column":44}},"type":"binary-expr","locations":[{"start":{"line":12,"column":23},"end":{"line":12,"column":38}},{"start":{"line":12,"column":42},"end":{"line":12,"column":44}}],"line":12}},"s":{"0":1,"1":0,"2":0,"3":0,"4":0,"5":0,"6":0,"7":0,"8":0,"9":0,"10":1,"11":0,"12":0,"13":0,"14":0,"15":0},"f":{"0":0,"1":0},"b":{"0":[0,0]},"_coverageSchema":"1a1c01bbd47fc00a2c39e90264f33305004495a9","hash":"9307af84e63a5af3aba3ed2b2c37d475d81a47bb"}
,"/home/sarahnd/LS/TestLab/proto-testLab/src/utils/config.js": {"path":"/home/sarahnd/LS/TestLab/proto-testLab/src/utils/config.js","statementMap":{"0":{"start":{"line":3,"column":13},"end":{"line":3,"column":29}},"1":{"start":{"line":4,"column":20},"end":{"line":4,"column":43}},"2":{"start":{"line":5,"column":16},"end":{"line":5,"column":35}},"3":{"start":{"line":6,"column":20},"end":{"line":6,"column":43}},"4":{"start":{"line":7,"column":20},"end":{"line":7,"column":43}}},"fnMap":{},"branchMap":{},"s":{"0":1,"1":1,"2":1,"3":1,"4":1},"f":{},"b":{},"_coverageSchema":"1a1c01bbd47fc00a2c39e90264f33305004495a9","hash":"5220821c6c34d214586112270f06934e710a6c51"}
}
