TN:
SF:src/app.js
FNF:0
FNH:0
DA:6,1
DA:8,1
DA:9,1
DA:10,1
DA:11,1
DA:13,1
DA:15,1
DA:16,1
LF:8
LH:8
BRF:0
BRH:0
end_of_record
TN:
SF:src/controllers/eventsController.js
FN:7,(anonymous_0)
FN:12,getEvents
FN:27,getEventsForFeature
FN:46,getEventData
FN:56,(anonymous_4)
FN:95,createEvent
FNF:6
FNH:5
FNDA:0,(anonymous_0)
FNDA:1,getEvents
FNDA:2,getEventsForFeature
FNDA:2,getEventData
FNDA:2,(anonymous_4)
FNDA:43,createEvent
DA:5,1
DA:7,1
DA:8,0
DA:9,0
DA:13,1
DA:14,1
DA:15,1
DA:16,1
DA:18,1
DA:20,0
DA:21,0
DA:23,1
DA:28,2
DA:29,2
DA:30,2
DA:31,2
DA:35,1
DA:37,1
DA:39,1
DA:40,1
DA:42,2
DA:47,2
DA:48,2
DA:50,2
DA:51,2
DA:56,1
DA:57,2
DA:60,1
DA:61,1
DA:62,2
DA:63,2
DA:64,2
DA:67,2
DA:68,2
DA:71,2
DA:72,2
DA:76,2
DA:77,2
DA:85,1
DA:87,1
DA:88,1
DA:90,2
DA:96,43
DA:98,43
DA:99,43
DA:100,43
DA:104,42
DA:106,1
DA:107,1
DA:109,43
LF:50
LH:46
BRF:0
BRH:0
end_of_record
TN:
SF:src/controllers/featuresController.js
FN:8,(anonymous_0)
FN:13,getFeatures
FN:25,(anonymous_2)
FN:31,(anonymous_3)
FN:45,getCurrentFeatures
FN:51,(anonymous_5)
FN:57,(anonymous_6)
FN:61,(anonymous_7)
FN:62,(anonymous_8)
FN:63,(anonymous_9)
FN:81,updateUserBlocks
FN:82,(anonymous_11)
FN:93,(anonymous_12)
FN:126,scheduleExperiment
FN:148,(anonymous_14)
FN:157,resetBlock
FN:173,getFeatureByID
FN:183,(anonymous_17)
FN:195,getVariants
FN:211,getVariantsByExpID
FN:219,(anonymous_20)
FN:231,createFeature
FN:261,deleteFeature
FN:282,updateFeature
FN:296,(anonymous_24)
FN:312,createVariants
FN:331,(anonymous_26)
FN:344,createVariant
FN:370,deleteVariants
FNF:29
FNH:28
FNDA:0,(anonymous_0)
FNDA:2,getFeatures
FNDA:6,(anonymous_2)
FNDA:4,(anonymous_3)
FNDA:7,getCurrentFeatures
FNDA:23,(anonymous_5)
FNDA:14,(anonymous_6)
FNDA:23,(anonymous_7)
FNDA:23,(anonymous_8)
FNDA:23,(anonymous_9)
FNDA:7,updateUserBlocks
FNDA:16,(anonymous_11)
FNDA:140,(anonymous_12)
FNDA:13,scheduleExperiment
FNDA:180,(anonymous_14)
FNDA:61,resetBlock
FNDA:5,getFeatureByID
FNDA:4,(anonymous_17)
FNDA:33,getVariants
FNDA:3,getVariantsByExpID
FNDA:4,(anonymous_20)
FNDA:89,createFeature
FNDA:89,deleteFeature
FNDA:1,updateFeature
FNDA:2,(anonymous_24)
FNDA:49,createVariants
FNDA:96,(anonymous_26)
FNDA:97,createVariant
FNDA:50,deleteVariants
DA:5,2
DA:7,2
DA:8,2
DA:9,0
DA:10,0
DA:14,2
DA:15,2
DA:16,2
DA:17,0
DA:20,2
DA:21,2
DA:22,2
DA:25,2
DA:26,6
DA:28,2
DA:29,6
DA:30,6
DA:31,6
DA:32,4
DA:36,2
DA:38,0
DA:39,0
DA:41,2
DA:46,7
DA:47,7
DA:48,7
DA:51,7
DA:52,23
DA:54,7
DA:55,23
DA:56,23
DA:57,23
DA:58,14
DA:61,23
DA:62,23
DA:63,23
DA:64,7
DA:66,7
DA:69,7
DA:70,7
DA:72,7
DA:74,0
DA:75,0
DA:77,7
DA:82,16
DA:83,7
DA:84,7
DA:85,7
DA:88,7
DA:89,7
DA:90,7
DA:91,7
DA:93,7
DA:94,140
DA:95,59
DA:96,59
DA:98,81
DA:99,61
DA:100,61
DA:102,20
DA:105,7
DA:106,61
DA:107,61
DA:110,7
DA:111,15
DA:112,12
DA:113,12
DA:114,12
DA:115,12
DA:119,3
DA:120,3
DA:122,7
DA:127,13
DA:128,13
DA:129,13
DA:130,13
DA:131,13
DA:132,13
DA:133,13
DA:134,13
DA:135,13
DA:136,1
DA:138,12
DA:139,12
DA:140,126
DA:141,120
DA:142,120
DA:143,120
DA:146,120
DA:148,180
DA:150,1
DA:151,1
DA:153,13
DA:158,61
DA:159,61
DA:160,61
DA:161,61
DA:164,61
DA:166,0
DA:167,0
DA:169,61
DA:174,5
DA:175,5
DA:176,5
DA:177,5
DA:180,4
DA:181,3
DA:182,3
DA:183,3
DA:184,4
DA:186,3
DA:188,2
DA:189,2
DA:191,5
DA:196,33
DA:197,33
DA:198,33
DA:201,33
DA:202,33
DA:204,0
DA:205,0
DA:207,33
DA:212,3
DA:213,3
DA:214,3
DA:215,3
DA:218,2
DA:219,2
DA:220,4
DA:222,2
DA:224,1
DA:225,1
DA:227,3
DA:232,89
DA:233,89
DA:234,89
DA:235,89
DA:236,89
DA:238,89
DA:239,89
DA:240,89
DA:245,88
DA:250,88
DA:251,88
DA:252,88
DA:254,1
DA:255,1
DA:257,89
DA:262,89
DA:264,89
DA:265,89
DA:266,89
DA:271,88
DA:273,88
DA:275,1
DA:276,1
DA:278,89
DA:283,1
DA:285,1
DA:286,1
DA:287,1
DA:290,1
DA:293,1
DA:294,1
DA:295,1
DA:296,1
DA:297,2
DA:300,1
DA:302,1
DA:304,0
DA:305,0
DA:306,0
DA:308,1
DA:313,49
DA:314,49
DA:315,49
DA:316,49
DA:317,49
DA:319,49
DA:320,97
DA:321,97
DA:322,96
DA:324,48
DA:328,48
DA:330,48
DA:331,96
DA:333,48
DA:334,47
DA:336,2
DA:337,2
DA:338,2
DA:340,49
DA:345,97
DA:346,97
DA:347,97
DA:348,97
DA:349,97
DA:350,97
DA:353,97
DA:354,97
DA:355,96
DA:359,96
DA:361,96
DA:363,1
DA:364,1
DA:366,97
DA:371,50
DA:372,50
DA:373,50
DA:376,50
DA:377,50
DA:378,49
DA:380,49
DA:382,49
DA:384,1
DA:385,1
DA:387,50
LF:217
LH:203
BRDA:16,0,0,0
BRDA:16,0,1,2
BRDA:16,1,0,2
BRDA:16,1,1,0
BRDA:30,2,0,0
BRDA:30,2,1,6
BRDA:56,3,0,0
BRDA:56,3,1,23
BRDA:94,4,0,59
BRDA:94,4,1,81
BRDA:98,5,0,61
BRDA:98,5,1,20
BRDA:111,6,0,3
BRDA:111,6,1,12
BRDA:114,7,0,0
BRDA:114,7,1,12
BRDA:135,8,0,1
BRDA:135,8,1,12
BRDA:135,9,0,13
BRDA:135,9,1,12
BRDA:140,10,0,6
BRDA:140,10,1,120
BRDA:182,11,0,0
BRDA:182,11,1,3
BRDA:234,12,0,42
BRDA:234,12,1,47
BRDA:235,13,0,42
BRDA:235,13,1,47
BRDA:236,14,0,89
BRDA:236,14,1,0
BRDA:295,15,0,0
BRDA:295,15,1,1
BRDA:321,16,0,1
BRDA:321,16,1,96
BRDA:333,17,0,1
BRDA:333,17,1,47
BRDA:345,18,0,1
BRDA:345,18,1,96
BRDA:346,19,0,1
BRDA:346,19,1,96
BRDA:347,20,0,0
BRDA:347,20,1,97
BRDA:354,21,0,1
BRDA:354,21,1,96
BRDA:377,22,0,1
BRDA:377,22,1,49
BRF:46
BRH:37
end_of_record
TN:
SF:src/controllers/userblocksController.js
FN:6,(anonymous_0)
FN:11,getUserblockByName
FN:29,getUserblocks
FN:45,setUserBlock
FN:66,resetUserBlock
FNF:5
FNH:4
FNDA:0,(anonymous_0)
FNDA:3,getUserblockByName
FNDA:4,getUserblocks
FNDA:4,setUserBlock
FNDA:3,resetUserBlock
DA:4,1
DA:6,1
DA:7,0
DA:8,0
DA:12,3
DA:13,3
DA:14,3
DA:15,3
DA:18,3
DA:19,3
DA:20,2
DA:22,1
DA:23,1
DA:25,3
DA:30,4
DA:31,4
DA:32,4
DA:35,4
DA:36,4
DA:38,0
DA:39,0
DA:41,4
DA:46,4
DA:47,4
DA:48,4
DA:49,4
DA:52,4
DA:55,4
DA:56,4
DA:57,3
DA:59,1
DA:60,1
DA:62,4
DA:67,3
DA:68,3
DA:69,3
DA:72,3
DA:75,3
DA:76,3
DA:78,0
DA:79,0
DA:81,3
LF:42
LH:36
BRDA:19,0,0,1
BRDA:19,0,1,2
BRDA:56,1,0,1
BRDA:56,1,1,3
BRF:4
BRH:4
end_of_record
TN:
SF:src/controllers/usersController.js
FN:6,(anonymous_0)
FN:11,getUsers
FN:26,createUser
FN:52,deleteUser
FNF:4
FNH:3
FNDA:0,(anonymous_0)
FNDA:1,getUsers
FNDA:44,createUser
FNDA:43,deleteUser
DA:4,1
DA:6,1
DA:7,0
DA:8,0
DA:12,1
DA:13,1
DA:14,1
DA:15,1
DA:17,1
DA:19,0
DA:20,0
DA:22,1
DA:27,44
DA:28,44
DA:30,44
DA:31,44
DA:32,44
DA:37,43
DA:41,43
DA:43,43
DA:45,1
DA:46,1
DA:48,44
DA:53,43
DA:54,43
DA:55,43
DA:56,43
DA:61,43
DA:63,0
DA:64,0
DA:66,43
LF:31
LH:25
BRF:0
BRH:0
end_of_record
TN:
SF:src/models/feature.js
FN:2,(anonymous_0)
FN:17,(anonymous_1)
FNF:2
FNH:2
FNDA:122,(anonymous_0)
FNDA:30,(anonymous_1)
DA:1,2
DA:3,122
DA:4,121
DA:5,121
DA:7,121
DA:8,121
DA:9,121
DA:10,121
DA:11,121
DA:12,121
DA:16,2
DA:18,30
DA:19,30
DA:20,30
DA:21,30
DA:22,30
LF:16
LH:16
BRDA:12,0,0,121
BRDA:12,0,1,121
BRF:2
BRH:2
end_of_record
TN:
SF:src/routes/router.js
FNF:0
FNH:0
DA:17,1
DA:19,1
DA:21,1
DA:23,1
DA:25,1
DA:27,1
DA:29,1
DA:31,1
DA:33,1
DA:40,1
DA:42,1
DA:44,1
DA:46,1
DA:51,1
DA:53,1
DA:55,1
DA:57,1
DA:59,1
DA:61,1
DA:63,1
LF:20
LH:20
BRF:0
BRH:0
end_of_record
TN:
SF:src/utils/config.js
FNF:0
FNH:0
DA:3,2
DA:4,2
DA:5,2
DA:6,2
DA:7,2
LF:5
LH:5
BRF:0
BRH:0
end_of_record
TN:
SF:src/utils/logger.js
FN:1,(anonymous_0)
FN:5,(anonymous_1)
FNF:2
FNH:1
FNDA:1580,(anonymous_0)
FNDA:0,(anonymous_1)
DA:1,1
DA:2,1580
DA:5,1
DA:6,0
LF:4
LH:3
BRF:0
BRH:0
end_of_record
TN:
SF:src/utils/middleware.js
FN:3,(anonymous_0)
FN:11,(anonymous_1)
FN:15,(anonymous_2)
FNF:3
FNH:1
FNDA:395,(anonymous_0)
FNDA:0,(anonymous_1)
FNDA:0,(anonymous_2)
DA:3,1
DA:4,395
DA:5,395
DA:6,395
DA:7,395
DA:8,395
DA:11,1
DA:12,0
DA:15,1
DA:16,0
DA:18,0
DA:19,0
DA:20,0
DA:21,0
DA:24,0
LF:15
LH:8
BRDA:18,0,0,0
BRDA:18,0,1,0
BRDA:20,1,0,0
BRDA:20,1,1,0
BRF:4
BRH:0
end_of_record
