TN:
SF:src/app.js
FNF:0
FNH:0
DA:6,1
DA:8,1
DA:9,1
DA:10,1
DA:11,1
DA:13,1
DA:15,1
DA:16,1
LF:8
LH:8
BRF:0
BRH:0
end_of_record
TN:
SF:src/controllers/eventsController.js
FN:7,(anonymous_0)
FN:12,getEvents
FN:27,getEventsForFeature
FN:46,getEventData
FN:56,(anonymous_4)
FN:95,createEvent
FNF:6
FNH:5
FNDA:0,(anonymous_0)
FNDA:1,getEvents
FNDA:2,getEventsForFeature
FNDA:2,getEventData
FNDA:2,(anonymous_4)
FNDA:36,createEvent
DA:5,1
DA:7,1
DA:8,0
DA:9,0
DA:13,1
DA:14,1
DA:15,1
DA:16,1
DA:18,1
DA:20,0
DA:21,0
DA:23,1
DA:28,2
DA:29,2
DA:30,2
DA:31,2
DA:35,1
DA:37,1
DA:39,1
DA:40,1
DA:42,2
DA:47,2
DA:48,2
DA:50,2
DA:51,2
DA:56,1
DA:57,2
DA:60,1
DA:61,1
DA:62,2
DA:63,2
DA:64,2
DA:67,2
DA:68,2
DA:71,2
DA:72,2
DA:76,2
DA:77,2
DA:85,1
DA:87,1
DA:88,1
DA:90,2
DA:96,36
DA:98,36
DA:99,36
DA:100,36
DA:104,35
DA:106,1
DA:107,1
DA:109,36
LF:50
LH:46
BRF:0
BRH:0
end_of_record
TN:
SF:src/controllers/featuresController.js
FN:6,(anonymous_0)
FN:11,getFeatures
FN:17,(anonymous_2)
FN:23,(anonymous_3)
FN:37,getCurrentFeatures
FN:43,(anonymous_5)
FN:49,(anonymous_6)
FN:54,(anonymous_7)
FN:74,updateUserBlocks
FN:75,(anonymous_9)
FN:86,(anonymous_10)
FN:121,scheduleExperiment
FN:142,(anonymous_12)
FN:152,resetBlock
FN:167,getFeatureByID
FN:177,(anonymous_15)
FN:189,getVariants
FN:205,getVariantsByExpID
FN:213,(anonymous_18)
FN:225,createFeature
FN:254,deleteFeature
FN:272,updateFeature
FN:287,(anonymous_22)
FN:300,createVariants
FN:317,(anonymous_24)
FN:330,createVariant
FN:347,deleteVariants
FNF:27
FNH:16
FNDA:0,(anonymous_0)
FNDA:2,getFeatures
FNDA:10,(anonymous_2)
FNDA:4,(anonymous_3)
FNDA:0,getCurrentFeatures
FNDA:0,(anonymous_5)
FNDA:0,(anonymous_6)
FNDA:0,(anonymous_7)
FNDA:0,updateUserBlocks
FNDA:0,(anonymous_9)
FNDA:0,(anonymous_10)
FNDA:0,scheduleExperiment
FNDA:0,(anonymous_12)
FNDA:0,resetBlock
FNDA:4,getFeatureByID
FNDA:4,(anonymous_15)
FNDA:14,getVariants
FNDA:3,getVariantsByExpID
FNDA:4,(anonymous_18)
FNDA:73,createFeature
FNDA:73,deleteFeature
FNDA:1,updateFeature
FNDA:2,(anonymous_22)
FNDA:42,createVariants
FNDA:82,(anonymous_24)
FNDA:82,createVariant
FNDA:42,deleteVariants
DA:5,1
DA:6,1
DA:7,0
DA:8,0
DA:12,2
DA:13,2
DA:14,2
DA:17,2
DA:18,10
DA:20,2
DA:21,10
DA:22,10
DA:23,10
DA:24,4
DA:28,2
DA:30,0
DA:31,0
DA:33,2
DA:38,0
DA:39,0
DA:40,0
DA:43,0
DA:44,0
DA:46,0
DA:47,0
DA:48,0
DA:49,0
DA:50,0
DA:54,0
DA:55,0
DA:56,0
DA:57,0
DA:59,0
DA:62,0
DA:63,0
DA:65,0
DA:67,0
DA:68,0
DA:70,0
DA:75,0
DA:76,0
DA:77,0
DA:78,0
DA:81,0
DA:82,0
DA:83,0
DA:84,0
DA:86,0
DA:87,0
DA:88,0
DA:89,0
DA:91,0
DA:92,0
DA:93,0
DA:95,0
DA:98,0
DA:99,0
DA:100,0
DA:103,0
DA:104,0
DA:105,0
DA:106,0
DA:107,0
DA:108,0
DA:109,0
DA:110,0
DA:114,0
DA:115,0
DA:117,0
DA:122,0
DA:123,0
DA:124,0
DA:125,0
DA:126,0
DA:127,0
DA:128,0
DA:129,0
DA:130,0
DA:131,0
DA:132,0
DA:133,0
DA:134,0
DA:135,0
DA:136,0
DA:139,0
DA:141,0
DA:142,0
DA:144,0
DA:145,0
DA:147,0
DA:153,0
DA:154,0
DA:155,0
DA:156,0
DA:160,0
DA:161,0
DA:163,0
DA:168,4
DA:169,4
DA:170,4
DA:171,4
DA:174,4
DA:175,3
DA:176,3
DA:177,3
DA:178,4
DA:180,3
DA:182,1
DA:183,1
DA:185,4
DA:190,14
DA:191,14
DA:192,14
DA:195,14
DA:196,14
DA:198,0
DA:199,0
DA:201,14
DA:206,3
DA:207,3
DA:208,3
DA:209,3
DA:212,2
DA:213,2
DA:214,4
DA:216,2
DA:218,1
DA:219,1
DA:221,3
DA:226,73
DA:227,73
DA:228,73
DA:229,73
DA:231,73
DA:232,73
DA:233,73
DA:238,72
DA:243,72
DA:244,72
DA:245,72
DA:247,1
DA:248,1
DA:250,73
DA:255,73
DA:257,73
DA:258,73
DA:259,73
DA:263,72
DA:265,1
DA:266,1
DA:268,73
DA:273,1
DA:276,1
DA:277,1
DA:278,1
DA:281,1
DA:284,1
DA:285,1
DA:286,1
DA:287,1
DA:288,2
DA:290,1
DA:292,0
DA:293,0
DA:294,0
DA:296,1
DA:301,42
DA:302,42
DA:303,42
DA:304,42
DA:305,42
DA:307,42
DA:308,83
DA:309,83
DA:310,82
DA:312,41
DA:316,41
DA:317,82
DA:319,41
DA:320,40
DA:322,2
DA:323,2
DA:324,2
DA:326,42
DA:331,82
DA:332,82
DA:333,82
DA:334,82
DA:335,82
DA:339,82
DA:341,0
DA:343,82
DA:348,42
DA:349,42
DA:350,42
DA:351,42
DA:353,0
DA:354,0
DA:356,42
LF:199
LH:108
BRDA:22,0,0,0
BRDA:22,0,1,10
BRDA:48,1,0,0
BRDA:48,1,1,0
BRDA:87,2,0,0
BRDA:87,2,1,0
BRDA:91,3,0,0
BRDA:91,3,1,0
BRDA:104,4,0,0
BRDA:104,4,1,0
BRDA:107,5,0,0
BRDA:107,5,1,0
BRDA:133,6,0,0
BRDA:133,6,1,0
BRDA:176,7,0,0
BRDA:176,7,1,3
BRDA:227,8,0,35
BRDA:227,8,1,38
BRDA:228,9,0,35
BRDA:228,9,1,38
BRDA:229,10,0,73
BRDA:229,10,1,0
BRDA:286,11,0,0
BRDA:286,11,1,1
BRDA:309,12,0,1
BRDA:309,12,1,82
BRDA:319,13,0,1
BRDA:319,13,1,40
BRDA:331,14,0,0
BRDA:331,14,1,82
BRDA:332,15,0,0
BRDA:332,15,1,82
BRF:32
BRH:14
end_of_record
TN:
SF:src/controllers/userblocksController.js
FN:6,(anonymous_0)
FN:11,getUserblockByName
FN:29,getUserblocks
FN:45,setUserBlock
FN:66,resetUserBlock
FNF:5
FNH:4
FNDA:0,(anonymous_0)
FNDA:3,getUserblockByName
FNDA:1,getUserblocks
FNDA:3,setUserBlock
FNDA:1,resetUserBlock
DA:4,1
DA:6,1
DA:7,0
DA:8,0
DA:12,3
DA:13,3
DA:14,3
DA:15,3
DA:18,3
DA:19,3
DA:20,2
DA:22,1
DA:23,1
DA:25,3
DA:30,1
DA:31,1
DA:32,1
DA:35,1
DA:36,1
DA:38,0
DA:39,0
DA:41,1
DA:46,3
DA:47,3
DA:48,3
DA:49,3
DA:52,3
DA:55,3
DA:56,3
DA:57,2
DA:59,1
DA:60,1
DA:62,3
DA:67,1
DA:68,1
DA:69,1
DA:72,1
DA:75,1
DA:76,1
DA:78,0
DA:79,0
DA:81,1
LF:42
LH:36
BRDA:19,0,0,1
BRDA:19,0,1,2
BRDA:56,1,0,1
BRDA:56,1,1,2
BRF:4
BRH:4
end_of_record
TN:
SF:src/controllers/usersController.js
FN:6,(anonymous_0)
FN:11,getUsers
FN:26,createUser
FN:52,deleteUser
FNF:4
FNH:3
FNDA:0,(anonymous_0)
FNDA:1,getUsers
FNDA:37,createUser
FNDA:36,deleteUser
DA:4,1
DA:6,1
DA:7,0
DA:8,0
DA:12,1
DA:13,1
DA:14,1
DA:15,1
DA:17,1
DA:19,0
DA:20,0
DA:22,1
DA:27,37
DA:28,37
DA:30,37
DA:31,37
DA:32,37
DA:37,36
DA:41,36
DA:43,36
DA:45,1
DA:46,1
DA:48,37
DA:53,36
DA:54,36
DA:55,36
DA:56,36
DA:61,36
DA:63,0
DA:64,0
DA:66,36
LF:31
LH:25
BRF:0
BRH:0
end_of_record
TN:
SF:src/models/feature.js
FN:2,(anonymous_0)
FN:17,(anonymous_1)
FNF:2
FNH:2
FNDA:87,(anonymous_0)
FNDA:16,(anonymous_1)
DA:1,1
DA:3,87
DA:4,86
DA:5,86
DA:7,86
DA:8,86
DA:9,86
DA:10,86
DA:11,86
DA:12,86
DA:16,1
DA:18,16
DA:19,16
DA:20,16
DA:21,16
DA:22,16
LF:16
LH:16
BRDA:12,0,0,86
BRDA:12,0,1,86
BRF:2
BRH:2
end_of_record
TN:
SF:src/routes/router.js
FNF:0
FNH:0
DA:17,1
DA:19,1
DA:21,1
DA:23,1
DA:25,1
DA:27,1
DA:29,1
DA:31,1
DA:33,1
DA:40,1
DA:42,1
DA:44,1
DA:46,1
DA:51,1
DA:53,1
DA:55,1
DA:57,1
DA:59,1
DA:61,1
DA:63,1
LF:20
LH:20
BRF:0
BRH:0
end_of_record
TN:
SF:src/utils/config.js
FNF:0
FNH:0
DA:3,1
DA:4,1
DA:5,1
DA:6,1
DA:7,1
LF:5
LH:5
BRF:0
BRH:0
end_of_record
TN:
SF:src/utils/logger.js
FN:1,(anonymous_0)
FN:5,(anonymous_1)
FNF:2
FNH:1
FNDA:1284,(anonymous_0)
FNDA:0,(anonymous_1)
DA:1,1
DA:2,1284
DA:5,1
DA:6,0
LF:4
LH:3
BRF:0
BRH:0
end_of_record
TN:
SF:src/utils/middleware.js
FN:3,(anonymous_0)
FN:11,(anonymous_1)
FN:15,(anonymous_2)
FNF:3
FNH:1
FNDA:321,(anonymous_0)
FNDA:0,(anonymous_1)
FNDA:0,(anonymous_2)
DA:3,1
DA:4,321
DA:5,321
DA:6,321
DA:7,321
DA:8,321
DA:11,1
DA:12,0
DA:15,1
DA:16,0
DA:18,0
DA:19,0
DA:20,0
DA:21,0
DA:24,0
LF:15
LH:8
BRDA:18,0,0,0
BRDA:18,0,1,0
BRDA:20,1,0,0
BRDA:20,1,1,0
BRF:4
BRH:0
end_of_record
